<?xml version="1.0" encoding="UTF-8"?>
<!-- Generated by org.testng.reporters.JUnitReportReporter -->
<testsuite hostname="DESKTOP-8J7K6P5" failures="0" tests="1" name="Test.Loginpage" time="0.010" errors="0" timestamp="2024-09-01T09:56:46 IST" skipped="0">
  <testcase classname="Test.Loginpage" name="login" time="0.010"/>
</testsuite> <!-- Test.Loginpage -->
