<?xml version="1.0" encoding="UTF-8"?>
<!-- Generated by org.testng.reporters.JUnitReportReporter -->
<testsuite hostname="DESKTOP-8J7K6P5" failures="0" tests="2" name="Test.TesNGRunner" time="2.979" errors="0" timestamp="2024-09-01T15:47:33 IST" skipped="0">
  <testcase classname="Test.TesNGRunner" name="runScenario" time="0.007"/>
  <testcase classname="Test.TesNGRunner" name="runScenario" time="2.972"/>
</testsuite> <!-- Test.TesNGRunner -->
